<?xml version="1.0" encoding="UTF-8"?>
<testng-results ignored="0" total="1" passed="1" failed="0" skipped="0">
  <reporter-output>
  </reporter-output>
  <suite started-at="2022-03-07T13:17:50 IST" name="Default suite" finished-at="2022-03-07T13:17:50 IST" duration-ms="66">
    <groups>
    </groups>
    <test started-at="2022-03-07T13:17:50 IST" name="Default test" finished-at="2022-03-07T13:17:50 IST" duration-ms="66">
      <class name="test.Day1">
        <test-method signature="demo2()[pri:0, instance:test.Day1@2638011]" started-at="2022-03-07T13:17:50 IST" name="demo2" finished-at="2022-03-07T13:17:50 IST" duration-ms="13" status="PASS">
          <reporter-output>
          </reporter-output>
        </test-method> <!-- demo2 -->
      </class> <!-- test.Day1 -->
    </test> <!-- Default test -->
  </suite> <!-- Default suite -->
</testng-results>
