<?xml version="1.0" encoding="UTF-8"?>
<testng-results ignored="0" total="1" passed="1" failed="0" skipped="0">
  <reporter-output>
  </reporter-output>
  <suite started-at="2022-02-25T18:50:55 IST" name="Default suite" finished-at="2022-02-25T18:52:33 IST" duration-ms="97418">
    <groups>
    </groups>
    <test started-at="2022-02-25T18:50:55 IST" name="Default test" finished-at="2022-02-25T18:52:33 IST" duration-ms="97418">
      <class name="dockertesting.dockerValidtn.ChromeTest1">
        <test-method is-config="true" signature="startDocker()[pri:0, instance:dockertesting.dockerValidtn.ChromeTest1@3943a2be]" started-at="2022-02-25T18:50:55 IST" name="startDocker" finished-at="2022-02-25T18:51:56 IST" duration-ms="60784" status="PASS">
          <reporter-output>
          </reporter-output>
        </test-method> <!-- startDocker -->
        <test-method signature="testChrome1()[pri:0, instance:dockertesting.dockerValidtn.ChromeTest1@3943a2be]" started-at="2022-02-25T18:51:56 IST" name="testChrome1" finished-at="2022-02-25T18:52:02 IST" duration-ms="6211" status="PASS">
          <reporter-output>
          </reporter-output>
        </test-method> <!-- testChrome1 -->
        <test-method is-config="true" signature="stopDocker()[pri:0, instance:dockertesting.dockerValidtn.ChromeTest1@3943a2be]" started-at="2022-02-25T18:52:02 IST" name="stopDocker" finished-at="2022-02-25T18:52:33 IST" duration-ms="30317" status="PASS">
          <reporter-output>
          </reporter-output>
        </test-method> <!-- stopDocker -->
      </class> <!-- dockertesting.dockerValidtn.ChromeTest1 -->
    </test> <!-- Default test -->
  </suite> <!-- Default suite -->
</testng-results>
