<?xml version="1.0" encoding="UTF-8"?>
<!-- Generated by org.testng.reporters.JUnitXMLReporter -->
<testsuite ignored="0" hostname="USMUMSHREYDIX1" failures="0" tests="4" name="Create New Account" time="76.026" errors="0" timestamp="2021-07-29T13:22:38 IST">
  <testcase classname="MAINEtest.test_CreateNewAccount" name="goToCreateNewAccount" time="1.399"/>
  <testcase classname="MAINEtest.test_CreateNewAccount" name="enterDetails" time="23.748"/>
  <testcase classname="MAINEtest.test_CreateNewAccount" name="mailinator" time="23.579"/>
  <testcase classname="MAINEtest.test_ResetPassword" name="resetPassword" time="11.958"/>
</testsuite> <!-- Create New Account -->
