<?xml version="1.0" encoding="UTF-8"?>
<!-- Generated by org.testng.reporters.JUnitXMLReporter -->
<testsuite ignored="30" hostname="USBLRMKALAMSHA7" failures="0" tests="26" name="Sanity Suite" time="1146.684" errors="0" timestamp="2021-11-15T18:19:12 IST">
  <testcase classname="MAINEtest.test_LoginScreen" name="validateLoginPage" time="37.196"/>
  <testcase classname="MAINEtest.test_Dashboard" name="validateWelcomeScreen" time="10.078"/>
  <testcase classname="MAINEtest.test_GetBenefitScreen" name="validateGetBenefit" time="7.696"/>
  <testcase classname="MAINEtest.test_PrimaryAppDetailScreen" name="validatePriAppDetail" time="11.928"/>
  <testcase classname="MAINEtest.test_ProgSelectionScreen" name="validateProgSelec" time="11.785"/>
  <testcase classname="MAINEtest.test_AddingHHMembers" name="clickStartHM" time="83.357"/>
  <testcase classname="MAINEtest.test_AddingHHMembers" name="validateAddingHHmembers" time="56.961"/>
  <testcase classname="MAINEtest.test_AddingHHMembers" name="validateAddingHHmembers" time="48.358"/>
  <testcase classname="MAINEtest.test_AddingHHMembers" name="validateAddingHHmembers" time="43.5"/>
  <testcase classname="MAINEtest.test_AddingHHMembers" name="clickNextOnHMS" time="10.585"/>
  <testcase classname="MAINEtest.test_ContactScreen" name="validateContactSelection" time="96.944"/>
  <testcase classname="MAINEtest.test_AuthRepScreen" name="validateAuthRepcreation" time="19.368"/>
  <testcase classname="MAINEtest.test_RelationshipandTaxfillingScreens" name="validateRelationandTaxfilingentries" time="149.819"/>
  <testcase classname="MAINEtest.test_HHInfo_HealthScreen" name="validateHHinfoHealthSelection" time="23.466"/>
  <testcase classname="MAINEtest.test_HHInfo_HHCircumScreen" name="validateHHinfoHHCircumSelection" time="21.463"/>
  <testcase classname="MAINEtest.test_HHInfo_AssetScreen" name="validateHHinfoHHAssetSelection" time="16.355"/>
  <testcase classname="MAINEtest.test_HHInfo_OAssetScreen" name="validateHHinfoOAssets" time="15.386"/>
  <testcase classname="MAINEtest.test_HHInfo_IncomeandSubScreen" name="validateHHinfoIncomeandSubsidies" time="23.127"/>
  <testcase classname="MAINEtest.test_HHInfo_ExpenseScreen" name="validateHHinfoExpense" time="20.903"/>
  <testcase classname="MAINEtest.test_MemDetailsScreen" name="validateEducation" time="63.545"/>
  <testcase classname="MAINEtest.test_MemDetailsScreen" name="validateAIAN" time="33.451"/>
  <testcase classname="MAINEtest.test_MemDetailsScreen" name="validateLA" time="26.268"/>
  <testcase classname="MAINEtest.test_MemDetailsScreen" name="validateAssetIncomeExpenses" time="123.782"/>
  <testcase classname="MAINEtest.test_MemDetailsScreen" name="addDependentDetails" time="115.138"/>
  <testcase classname="MAINEtest.test_HealthCoverScreen" name="validateHeathCoverSelection" time="23.221"/>
  <testcase classname="MAINEtest.test_SignSubmitScreen" name="validateSignSubmit" time="38.108"/>
  <testcase classname="MAINEtest.test_ProgSelectionScreen" name="snapProgramSelection" time="0.0">
    <ignored/>
  </testcase> <!-- snapProgramSelection -->
  <testcase classname="MAINEtest.test_ContactScreen" name="secondaryContactInformation" time="0.0">
    <ignored/>
  </testcase> <!-- secondaryContactInformation -->
  <testcase classname="MAINEtest.test_HHInfo_HHCircumScreen" name="validateHHinfoHHCircum" time="0.0">
    <ignored/>
  </testcase> <!-- validateHHinfoHHCircum -->
  <testcase classname="MAINEtest.test_MemDetailsScreen" name="validateMemdetails" time="0.0">
    <ignored/>
  </testcase> <!-- validateMemdetails -->
  <testcase classname="MAINEtest.test_ContactScreen" name="validateprimaryContactInformation" time="0.0">
    <ignored/>
  </testcase> <!-- validateprimaryContactInformation -->
  <testcase classname="MAINEtest.test_RelationshipandTaxfillingScreens" name="validateRelationshipandTax" time="0.0">
    <ignored/>
  </testcase> <!-- validateRelationshipandTax -->
  <testcase classname="MAINEtest.test_SignSubmitScreen" name="validateSignSubmitReg" time="0.0">
    <ignored/>
  </testcase> <!-- validateSignSubmitReg -->
  <testcase classname="MAINEtest.test_AddingHHMembers" name="validateAddingHHmembersForRegression" time="0.0">
    <ignored/>
  </testcase> <!-- validateAddingHHmembersForRegression -->
  <testcase classname="MAINEtest.test_HHInfo_OAssetScreen" name="testClass" time="0.0">
    <ignored/>
  </testcase> <!-- testClass -->
  <testcase classname="MAINEtest.test_AuthRepScreen" name="validateAuthRepdetails" time="0.0">
    <ignored/>
  </testcase> <!-- validateAuthRepdetails -->
  <testcase classname="MAINEtest.test_PrimaryAppDetailScreen" name="validatePriAppDetailReg" time="0.0">
    <ignored/>
  </testcase> <!-- validatePriAppDetailReg -->
  <testcase classname="MAINEtest.test_MemDetailsScreen" name="validateHHinfoExpenseTanf" time="0.0">
    <ignored/>
  </testcase> <!-- validateHHinfoExpenseTanf -->
  <testcase classname="MAINEtest.test_LoginScreen" name="validateloginPage" time="0.0">
    <ignored/>
  </testcase> <!-- validateloginPage -->
  <testcase classname="MAINEtest.test_HHInfo_OAssetScreen" name="otherAssetSelection" time="0.0">
    <ignored/>
  </testcase> <!-- otherAssetSelection -->
  <testcase classname="MAINEtest.test_HHInfo_HHCircumScreen" name="validateHHinfoHHCircumSelectionTanf" time="0.0">
    <ignored/>
  </testcase> <!-- validateHHinfoHHCircumSelectionTanf -->
  <testcase classname="MAINEtest.test_SignSubmitScreen" name="validateSignSubmitPage" time="0.0">
    <ignored/>
  </testcase> <!-- validateSignSubmitPage -->
  <testcase classname="MAINEtest.test_RelationshipandTaxfillingScreens" name="validateInitialRelationshipandTax" time="0.0">
    <ignored/>
  </testcase> <!-- validateInitialRelationshipandTax -->
  <testcase classname="MAINEtest.test_RelationshipandTaxfillingScreens" name="validateRelationandTaxfilingentriesTanf" time="0.0">
    <ignored/>
  </testcase> <!-- validateRelationandTaxfilingentriesTanf -->
  <testcase classname="MAINEtest.test_HHInfo_IncomeandSubScreen" name="validateHHinfoIncandSub" time="0.0">
    <ignored/>
  </testcase> <!-- validateHHinfoIncandSub -->
  <testcase classname="MAINEtest.test_MemDetailsScreen" name="validateAssetIncomeExpensesforSNAP" time="0.0">
    <ignored/>
  </testcase> <!-- validateAssetIncomeExpensesforSNAP -->
  <testcase classname="MAINEtest.test_RelationshipandTaxfillingScreens" name="relationandTaxfilingentries" time="0.0">
    <ignored/>
  </testcase> <!-- relationandTaxfilingentries -->
  <testcase classname="MAINEtest.test_HHInfo_HealthScreen" name="validateHHinfoHealthSelectionTanf" time="0.0">
    <ignored/>
  </testcase> <!-- validateHHinfoHealthSelectionTanf -->
  <testcase classname="MAINEtest.test_MemDetailsScreen" name="validateAIANforSNAP" time="0.0">
    <ignored/>
  </testcase> <!-- validateAIANforSNAP -->
  <testcase classname="MAINEtest.test_HHInfo_ExpenseScreen" name="validateHHinfoExpenses" time="0.0">
    <ignored/>
  </testcase> <!-- validateHHinfoExpenses -->
  <testcase classname="MAINEtest.test_HHInfo_HealthScreen" name="validateHHinfoHealth" time="0.0">
    <ignored/>
  </testcase> <!-- validateHHinfoHealth -->
  <testcase classname="MAINEtest.test_ProgSelectionScreen" name="tanfProgramSelection" time="0.0">
    <ignored/>
  </testcase> <!-- tanfProgramSelection -->
  <testcase classname="MAINEtest.test_ProgSelectionScreen" name="validateProgramSelection" time="0.0">
    <ignored/>
  </testcase> <!-- validateProgramSelection -->
  <testcase classname="MAINEtest.test_HealthCoverScreen" name="validateHealthCovReg" time="0.0">
    <ignored/>
  </testcase> <!-- validateHealthCovReg -->
  <testcase classname="MAINEtest.test_HHInfo_AssetScreen" name="validateHHinfoAssets" time="0.0">
    <ignored/>
  </testcase> <!-- validateHHinfoAssets -->
  <testcase classname="MAINEtest.test_HHInfo_ExpenseScreen" name="validateHHinfoExpenseTanf" time="0.0">
    <ignored/>
  </testcase> <!-- validateHHinfoExpenseTanf -->
</testsuite> <!-- Sanity Suite -->
