<?xml version="1.0" encoding="UTF-8"?>
<testng-results ignored="0" total="1" passed="1" failed="0" skipped="0">
  <reporter-output>
  </reporter-output>
  <suite started-at="2020-07-23T16:34:47 IST" name="Default suite" finished-at="2020-07-23T16:35:19 IST" duration-ms="31720">
    <groups>
    </groups>
    <test started-at="2020-07-23T16:34:47 IST" name="Default test" finished-at="2020-07-23T16:35:19 IST" duration-ms="31720">
      <class name="com.testing.cpsat.mock.Question3">
        <test-method is-config="true" signature="setUp()[pri:0, instance:com.testing.cpsat.mock.Question3@6d2a209c]" started-at="2020-07-23T16:34:47 IST" name="setUp" finished-at="2020-07-23T16:34:53 IST" duration-ms="5555" status="PASS">
          <reporter-output>
          </reporter-output>
        </test-method> <!-- setUp -->
        <test-method signature="ciiAgriculturePageTester()[pri:0, instance:com.testing.cpsat.mock.Question3@6d2a209c]" started-at="2020-07-23T16:34:53 IST" name="ciiAgriculturePageTester" finished-at="2020-07-23T16:35:18 IST" duration-ms="25561" status="PASS">
          <reporter-output>
          </reporter-output>
        </test-method> <!-- ciiAgriculturePageTester -->
        <test-method is-config="true" signature="tearDown()[pri:0, instance:com.testing.cpsat.mock.Question3@6d2a209c]" started-at="2020-07-23T16:35:18 IST" name="tearDown" finished-at="2020-07-23T16:35:19 IST" duration-ms="559" status="PASS">
          <reporter-output>
          </reporter-output>
        </test-method> <!-- tearDown -->
      </class> <!-- com.testing.cpsat.mock.Question3 -->
    </test> <!-- Default test -->
  </suite> <!-- Default suite -->
</testng-results>
