<?xml version="1.0" encoding="UTF-8"?>
<!-- Generated by org.testng.reporters.JUnitXMLReporter -->
<testsuite ignored="0" hostname="USBLRMKALAMSHA7" failures="0" tests="7" name="Test" time="86.318" errors="0" timestamp="2021-09-25T12:49:46 IST">
  <testcase classname="com.testing.cpsat.mock.Sep25P1" name="test" time="26.735"/>
  <testcase classname="com.testing.cpsat.mock.Sep25P2" name="initial" time="3.66"/>
  <testcase classname="com.testing.cpsat.mock.Sep25P2" name="testpro" time="8.701"/>
  <testcase classname="com.testing.cpsat.mock.Sep25P2" name="testpro" time="8.462"/>
  <testcase classname="com.testing.cpsat.mock.Sep25P2" name="testpro" time="8.467"/>
  <testcase classname="com.testing.cpsat.mock.Sep25P2" name="testpro" time="8.463"/>
  <testcase classname="com.testing.cpsat.mock.Sep25P2" name="testpro" time="8.42"/>
</testsuite> <!-- Test -->
