<?xml version="1.0" encoding="UTF-8"?>
<!-- Generated by org.testng.reporters.JUnitXMLReporter -->
<testsuite ignored="0" hostname="USBLRMKALAMSHA7" failures="0" tests="8" name="Test" time="89.918" errors="0" timestamp="2021-09-27T11:39:36 IST">
  <testcase classname="com.testing.cpsat.mock.CPSAT_Question1" name="test" time="43.517"/>
  <testcase classname="com.testing.cpsat.mock.CPSAT_Question2" name="testInitial" time="5.355"/>
  <testcase classname="com.testing.cpsat.mock.CPSAT_Question2" name="test" time="3.127"/>
  <testcase classname="com.testing.cpsat.mock.CPSAT_Question2" name="test" time="2.757"/>
  <testcase classname="com.testing.cpsat.mock.CPSAT_Question2" name="test" time="2.68"/>
  <testcase classname="com.testing.cpsat.mock.CPSAT_Question2" name="test" time="2.844"/>
  <testcase classname="com.testing.cpsat.mock.CPSAT_Question2" name="test" time="2.752"/>
  <testcase classname="com.testing.cpsat.mock.CPSAT_Question4" name="test" time="3.116"/>
</testsuite> <!-- Test -->
