<?xml version="1.0" encoding="UTF-8"?>
<!-- Generated by org.testng.reporters.JUnitXMLReporter -->
<testsuite ignored="0" hostname="USBLRMKALAMSHA7" failures="0" tests="3" name="Test" time="118.73" errors="0" timestamp="2022-02-23T10:51:08 IST">
  <testcase classname="dockertesting.dockerValidtn.ChromeTest1" name="testChrome1" time="24.072"/>
  <testcase classname="dockertesting.dockerValidtn.ChromeTest2" name="testChrome1" time="25.391"/>
  <testcase classname="dockertesting.dockerValidtn.ChromeTest3" name="testChrome1" time="3.744"/>
</testsuite> <!-- Test -->
