<?xml version="1.0" encoding="UTF-8"?>
<testng-results ignored="0" total="7" passed="7" failed="0" skipped="0">
  <reporter-output>
  </reporter-output>
  <suite started-at="2021-09-25T12:48:19 IST" name="Suite" finished-at="2021-09-25T12:49:46 IST" duration-ms="86318">
    <groups>
    </groups>
    <test started-at="2021-09-25T12:48:19 IST" name="Test" finished-at="2021-09-25T12:49:46 IST" duration-ms="86318">
      <class name="com.testing.cpsat.mock.Sep25P1">
        <test-method is-config="true" signature="setUp(java.lang.String)[pri:0, instance:com.testing.cpsat.mock.Sep25P1@57af006c]" started-at="2021-09-25T12:48:19 IST" name="setUp" finished-at="2021-09-25T12:48:26 IST" duration-ms="6270" status="PASS">
          <params>
            <param index="0">
              <value>
                <![CDATA[Chrome]]>
              </value>
            </param>
          </params>
          <reporter-output>
          </reporter-output>
        </test-method> <!-- setUp -->
        <test-method signature="test()[pri:0, instance:com.testing.cpsat.mock.Sep25P1@57af006c]" started-at="2021-09-25T12:48:26 IST" name="test" finished-at="2021-09-25T12:48:52 IST" duration-ms="26735" status="PASS">
          <reporter-output>
          </reporter-output>
        </test-method> <!-- test -->
        <test-method is-config="true" signature="tearDown()[pri:0, instance:com.testing.cpsat.mock.Sep25P1@57af006c]" started-at="2021-09-25T12:48:52 IST" name="tearDown" finished-at="2021-09-25T12:48:53 IST" duration-ms="686" status="PASS">
          <reporter-output>
          </reporter-output>
        </test-method> <!-- tearDown -->
      </class> <!-- com.testing.cpsat.mock.Sep25P1 -->
      <class name="com.testing.cpsat.mock.Sep25P2">
        <test-method is-config="true" signature="setUp(java.lang.String)[pri:0, instance:com.testing.cpsat.mock.Sep25P2@6bedbc4d]" started-at="2021-09-25T12:48:53 IST" name="setUp" finished-at="2021-09-25T12:48:58 IST" duration-ms="5110" status="PASS">
          <params>
            <param index="0">
              <value>
                <![CDATA[Chrome]]>
              </value>
            </param>
          </params>
          <reporter-output>
          </reporter-output>
        </test-method> <!-- setUp -->
        <test-method signature="initial()[pri:1, instance:com.testing.cpsat.mock.Sep25P2@6bedbc4d]" started-at="2021-09-25T12:48:58 IST" name="initial" finished-at="2021-09-25T12:49:02 IST" duration-ms="3660" status="PASS">
          <reporter-output>
          </reporter-output>
        </test-method> <!-- initial -->
        <test-method signature="testpro(java.lang.String, java.lang.String, java.lang.String, java.lang.String, java.lang.String)[pri:2, instance:com.testing.cpsat.mock.Sep25P2@6bedbc4d]" started-at="2021-09-25T12:49:02 IST" name="testpro" data-provider="datapro" finished-at="2021-09-25T12:49:11 IST" duration-ms="8701" status="PASS">
          <params>
            <param index="0">
              <value>
                <![CDATA[Test 1]]>
              </value>
            </param>
            <param index="1">
              <value>
                <![CDATA[Siddharth Polke]]>
              </value>
            </param>
            <param index="2">
              <value>
                <![CDATA[Software Test Team Lead]]>
              </value>
            </param>
            <param index="3">
              <value>
                <![CDATA[Amdocs]]>
              </value>
            </param>
            <param index="4">
              <value>
                <![CDATA[Pass]]>
              </value>
            </param>
          </params>
          <reporter-output>
          </reporter-output>
        </test-method> <!-- testpro -->
        <test-method signature="testpro(java.lang.String, java.lang.String, java.lang.String, java.lang.String, java.lang.String)[pri:2, instance:com.testing.cpsat.mock.Sep25P2@6bedbc4d]" started-at="2021-09-25T12:49:11 IST" name="testpro" data-provider="datapro" finished-at="2021-09-25T12:49:20 IST" duration-ms="8462" status="PASS">
          <params>
            <param index="0">
              <value>
                <![CDATA[Test 2]]>
              </value>
            </param>
            <param index="1">
              <value>
                <![CDATA[Hemant Mane]]>
              </value>
            </param>
            <param index="2">
              <value>
                <![CDATA[Scrum Master]]>
              </value>
            </param>
            <param index="3">
              <value>
                <![CDATA[Capgemini]]>
              </value>
            </param>
            <param index="4">
              <value>
                <![CDATA[Pass]]>
              </value>
            </param>
          </params>
          <reporter-output>
          </reporter-output>
        </test-method> <!-- testpro -->
        <test-method signature="testpro(java.lang.String, java.lang.String, java.lang.String, java.lang.String, java.lang.String)[pri:2, instance:com.testing.cpsat.mock.Sep25P2@6bedbc4d]" started-at="2021-09-25T12:49:20 IST" name="testpro" data-provider="datapro" finished-at="2021-09-25T12:49:28 IST" duration-ms="8467" status="PASS">
          <params>
            <param index="0">
              <value>
                <![CDATA[Test 3]]>
              </value>
            </param>
            <param index="1">
              <value>
                <![CDATA[Surbhi Sharma]]>
              </value>
            </param>
            <param index="2">
              <value>
                <![CDATA[Automation Test Engineer]]>
              </value>
            </param>
            <param index="3">
              <value>
                <![CDATA[Amdocs]]>
              </value>
            </param>
            <param index="4">
              <value>
                <![CDATA[Pass]]>
              </value>
            </param>
          </params>
          <reporter-output>
          </reporter-output>
        </test-method> <!-- testpro -->
        <test-method signature="testpro(java.lang.String, java.lang.String, java.lang.String, java.lang.String, java.lang.String)[pri:2, instance:com.testing.cpsat.mock.Sep25P2@6bedbc4d]" started-at="2021-09-25T12:49:28 IST" name="testpro" data-provider="datapro" finished-at="2021-09-25T12:49:37 IST" duration-ms="8463" status="PASS">
          <params>
            <param index="0">
              <value>
                <![CDATA[Test 4]]>
              </value>
            </param>
            <param index="1">
              <value>
                <![CDATA[Shrikrushna Chaudhari]]>
              </value>
            </param>
            <param index="2">
              <value>
                <![CDATA[Associate Software Engineer]]>
              </value>
            </param>
            <param index="3">
              <value>
                <![CDATA[Amdocs]]>
              </value>
            </param>
            <param index="4">
              <value>
                <![CDATA[Pass]]>
              </value>
            </param>
          </params>
          <reporter-output>
          </reporter-output>
        </test-method> <!-- testpro -->
        <test-method signature="testpro(java.lang.String, java.lang.String, java.lang.String, java.lang.String, java.lang.String)[pri:2, instance:com.testing.cpsat.mock.Sep25P2@6bedbc4d]" started-at="2021-09-25T12:49:37 IST" name="testpro" data-provider="datapro" finished-at="2021-09-25T12:49:45 IST" duration-ms="8420" status="PASS">
          <params>
            <param index="0">
              <value>
                <![CDATA[Test 5]]>
              </value>
            </param>
            <param index="1">
              <value>
                <![CDATA[Shrikrushna Chaudhari]]>
              </value>
            </param>
            <param index="2">
              <value>
                <![CDATA[Scrum Master]]>
              </value>
            </param>
            <param index="3">
              <value>
                <![CDATA[Amdocs]]>
              </value>
            </param>
            <param index="4">
              <value>
                <![CDATA[fail]]>
              </value>
            </param>
          </params>
          <reporter-output>
          </reporter-output>
        </test-method> <!-- testpro -->
        <test-method is-config="true" signature="tearDown()[pri:0, instance:com.testing.cpsat.mock.Sep25P2@6bedbc4d]" started-at="2021-09-25T12:49:45 IST" name="tearDown" finished-at="2021-09-25T12:49:46 IST" duration-ms="665" status="PASS">
          <reporter-output>
          </reporter-output>
        </test-method> <!-- tearDown -->
      </class> <!-- com.testing.cpsat.mock.Sep25P2 -->
    </test> <!-- Test -->
  </suite> <!-- Suite -->
</testng-results>
