<?xml version="1.0" encoding="UTF-8"?>
<testng-results ignored="0" total="3" passed="3" failed="0" skipped="0">
  <reporter-output>
  </reporter-output>
  <suite started-at="2022-03-01T14:22:17 IST" name="Default suite" finished-at="2022-03-01T14:22:19 IST" duration-ms="2345">
    <groups>
    </groups>
    <test started-at="2022-03-01T14:22:17 IST" name="Default test" finished-at="2022-03-01T14:22:19 IST" duration-ms="2345">
      <class name="Addbookeg">
        <test-method signature="test_addbook(java.lang.String,java.lang.String)[pri:0, instance:Addbookeg@6a6afff2]" started-at="2022-03-01T14:22:17 IST" name="test_addbook" data-provider="Addbok" finished-at="2022-03-01T14:22:19 IST" duration-ms="2065" status="PASS">
          <params>
            <param index="0">
              <value>
                <![CDATA[bc2]]>
              </value>
            </param>
            <param index="1">
              <value>
                <![CDATA[2sd39s41]]>
              </value>
            </param>
          </params>
          <reporter-output>
          </reporter-output>
        </test-method> <!-- test_addbook -->
        <test-method signature="test_addbook(java.lang.String,java.lang.String)[pri:0, instance:Addbookeg@6a6afff2]" started-at="2022-03-01T14:22:19 IST" name="test_addbook" data-provider="Addbok" finished-at="2022-03-01T14:22:19 IST" duration-ms="123" status="PASS">
          <params>
            <param index="0">
              <value>
                <![CDATA[bc3]]>
              </value>
            </param>
            <param index="1">
              <value>
                <![CDATA[2sd39s51]]>
              </value>
            </param>
          </params>
          <reporter-output>
          </reporter-output>
        </test-method> <!-- test_addbook -->
        <test-method signature="test_addbook(java.lang.String,java.lang.String)[pri:0, instance:Addbookeg@6a6afff2]" started-at="2022-03-01T14:22:19 IST" name="test_addbook" data-provider="Addbok" finished-at="2022-03-01T14:22:19 IST" duration-ms="109" status="PASS">
          <params>
            <param index="0">
              <value>
                <![CDATA[bc4]]>
              </value>
            </param>
            <param index="1">
              <value>
                <![CDATA[2sd39s11]]>
              </value>
            </param>
          </params>
          <reporter-output>
          </reporter-output>
        </test-method> <!-- test_addbook -->
      </class> <!-- Addbookeg -->
    </test> <!-- Default test -->
  </suite> <!-- Default suite -->
</testng-results>
